{"numFailedTestSuites":0,"numFailedTests":0,"numPassedTestSuites":1,"numPassedTests":3,"numPendingTestSuites":0,"numPendingTests":0,"numRuntimeErrorTestSuites":0,"numTodoTests":0,"numTotalTestSuites":1,"numTotalTests":3,"openHandles":[],"snapshot":{"added":0,"didUpdate":false,"failure":false,"filesAdded":0,"filesRemoved":0,"filesRemovedList":[],"filesUnmatched":0,"filesUpdated":0,"matched":0,"total":0,"unchecked":0,"uncheckedKeysByFile":[],"unmatched":0,"updated":0},"startTime":1694092799516,"success":true,"testResults":[{"assertionResults":[{"ancestorTitles":["fetch medecin"],"failureMessages":[],"fullName":"fetch medecin fetch all medecin","location":null,"status":"passed","title":"fetch all medecin"},{"ancestorTitles":["fetch medecin"],"failureMessages":[],"fullName":"fetch medecin fetch medecin by speciality Généraliste","location":null,"status":"passed","title":"fetch medecin by speciality Généraliste"},{"ancestorTitles":["fetch medecin"],"failureMessages":[],"fullName":"fetch medecin medecin should have fields","location":null,"status":"passed","title":"medecin should have fields"}],"endTime":1694092801533,"message":"","name":"/Users/adrien/Documents/Projets/React/vivinci/tests/dbusers.test.js","startTime":1694092799612,"status":"passed","summary":""}],"wasInterrupted":false}