{"numFailedTestSuites":0,"numFailedTests":0,"numPassedTestSuites":1,"numPassedTests":1,"numPendingTestSuites":0,"numPendingTests":0,"numRuntimeErrorTestSuites":0,"numTodoTests":0,"numTotalTestSuites":1,"numTotalTests":1,"openHandles":[],"snapshot":{"added":0,"didUpdate":false,"failure":false,"filesAdded":0,"filesRemoved":0,"filesRemovedList":[],"filesUnmatched":0,"filesUpdated":0,"matched":0,"total":0,"unchecked":0,"uncheckedKeysByFile":[],"unmatched":0,"updated":0},"startTime":1694097271356,"success":true,"testResults":[{"assertionResults":[{"ancestorTitles":["fetch clients"],"failureMessages":[],"fullName":"fetch clients Verify New Demand From Ceci Est un Test","location":null,"status":"passed","title":"Verify New Demand From Ceci Est un Test"}],"endTime":1694097274501,"message":"","name":"/Users/adrien/Documents/Projets/React/vivinci/tests/dbdemandes-add.test.js","startTime":1694097271486,"status":"passed","summary":""}],"wasInterrupted":false}